<?xml version="1.0" encoding="UTF-8"?>
<testsuite xmlns:xsi="http://www.w3.org/2001/XMLSchema-instance" xsi:noNamespaceSchemaLocation="https://maven.apache.org/surefire/maven-surefire-plugin/xsd/surefire-test-report.xsd" name="org.cs320.ozyegin.service.AdvertServiceTest" time="2.909" tests="3" errors="0" skipped="0" failures="0">
  <properties>
    <property name="java.specification.version" value="21"/>
    <property name="sun.jnu.encoding" value="UTF-8"/>
    <property name="java.class.path" value="/Users/utkuayten/Desktop/ShareAndSell/ShareAndSell/target/test-classes:/Users/utkuayten/Desktop/ShareAndSell/ShareAndSell/target/classes:/Users/utkuayten/.m2/repository/org/springframework/boot/spring-boot-starter-thymeleaf/3.0.9/spring-boot-starter-thymeleaf-3.0.9.jar:/Users/utkuayten/.m2/repository/org/springframework/boot/spring-boot-starter/3.0.9/spring-boot-starter-3.0.9.jar:/Users/utkuayten/.m2/repository/org/springframework/boot/spring-boot/3.0.9/spring-boot-3.0.9.jar:/Users/utkuayten/.m2/repository/org/springframework/boot/spring-boot-autoconfigure/3.0.9/spring-boot-autoconfigure-3.0.9.jar:/Users/utkuayten/.m2/repository/org/springframework/boot/spring-boot-starter-logging/3.0.9/spring-boot-starter-logging-3.0.9.jar:/Users/utkuayten/.m2/repository/ch/qos/logback/logback-classic/1.4.8/logback-classic-1.4.8.jar:/Users/utkuayten/.m2/repository/ch/qos/logback/logback-core/1.4.8/logback-core-1.4.8.jar:/Users/utkuayten/.m2/repository/org/apache/logging/log4j/log4j-to-slf4j/2.19.0/log4j-to-slf4j-2.19.0.jar:/Users/utkuayten/.m2/repository/org/apache/logging/log4j/log4j-api/2.19.0/log4j-api-2.19.0.jar:/Users/utkuayten/.m2/repository/org/slf4j/jul-to-slf4j/2.0.7/jul-to-slf4j-2.0.7.jar:/Users/utkuayten/.m2/repository/jakarta/annotation/jakarta.annotation-api/2.1.1/jakarta.annotation-api-2.1.1.jar:/Users/utkuayten/.m2/repository/org/yaml/snakeyaml/1.33/snakeyaml-1.33.jar:/Users/utkuayten/.m2/repository/org/thymeleaf/thymeleaf-spring6/3.1.1.RELEASE/thymeleaf-spring6-3.1.1.RELEASE.jar:/Users/utkuayten/.m2/repository/org/thymeleaf/thymeleaf/3.1.1.RELEASE/thymeleaf-3.1.1.RELEASE.jar:/Users/utkuayten/.m2/repository/org/attoparser/attoparser/2.0.6.RELEASE/attoparser-2.0.6.RELEASE.jar:/Users/utkuayten/.m2/repository/org/unbescape/unbescape/1.1.6.RELEASE/unbescape-1.1.6.RELEASE.jar:/Users/utkuayten/.m2/repository/org/springframework/boot/spring-boot-starter-data-jpa/3.0.9/spring-boot-starter-data-jpa-3.0.9.jar:/Users/utkuayten/.m2/repository/org/springframework/boot/spring-boot-starter-aop/3.0.9/spring-boot-starter-aop-3.0.9.jar:/Users/utkuayten/.m2/repository/org/aspectj/aspectjweaver/1.9.19/aspectjweaver-1.9.19.jar:/Users/utkuayten/.m2/repository/org/springframework/boot/spring-boot-starter-jdbc/3.0.9/spring-boot-starter-jdbc-3.0.9.jar:/Users/utkuayten/.m2/repository/com/zaxxer/HikariCP/5.0.1/HikariCP-5.0.1.jar:/Users/utkuayten/.m2/repository/org/springframework/spring-jdbc/6.0.11/spring-jdbc-6.0.11.jar:/Users/utkuayten/.m2/repository/org/hibernate/orm/hibernate-core/6.1.7.Final/hibernate-core-6.1.7.Final.jar:/Users/utkuayten/.m2/repository/jakarta/persistence/jakarta.persistence-api/3.1.0/jakarta.persistence-api-3.1.0.jar:/Users/utkuayten/.m2/repository/jakarta/transaction/jakarta.transaction-api/2.0.1/jakarta.transaction-api-2.0.1.jar:/Users/utkuayten/.m2/repository/org/jboss/logging/jboss-logging/3.5.3.Final/jboss-logging-3.5.3.Final.jar:/Users/utkuayten/.m2/repository/org/hibernate/common/hibernate-commons-annotations/6.0.6.Final/hibernate-commons-annotations-6.0.6.Final.jar:/Users/utkuayten/.m2/repository/org/jboss/jandex/2.4.2.Final/jandex-2.4.2.Final.jar:/Users/utkuayten/.m2/repository/com/fasterxml/classmate/1.5.1/classmate-1.5.1.jar:/Users/utkuayten/.m2/repository/net/bytebuddy/byte-buddy/1.12.23/byte-buddy-1.12.23.jar:/Users/utkuayten/.m2/repository/org/glassfish/jaxb/jaxb-runtime/4.0.3/jaxb-runtime-4.0.3.jar:/Users/utkuayten/.m2/repository/org/glassfish/jaxb/jaxb-core/4.0.3/jaxb-core-4.0.3.jar:/Users/utkuayten/.m2/repository/org/eclipse/angus/angus-activation/2.0.1/angus-activation-2.0.1.jar:/Users/utkuayten/.m2/repository/org/glassfish/jaxb/txw2/4.0.3/txw2-4.0.3.jar:/Users/utkuayten/.m2/repository/com/sun/istack/istack-commons-runtime/4.1.2/istack-commons-runtime-4.1.2.jar:/Users/utkuayten/.m2/repository/jakarta/inject/jakarta.inject-api/2.0.0/jakarta.inject-api-2.0.0.jar:/Users/utkuayten/.m2/repository/org/antlr/antlr4-runtime/4.10.1/antlr4-runtime-4.10.1.jar:/Users/utkuayten/.m2/repository/org/springframework/data/spring-data-jpa/3.0.8/spring-data-jpa-3.0.8.jar:/Users/utkuayten/.m2/repository/org/springframework/data/spring-data-commons/3.0.8/spring-data-commons-3.0.8.jar:/Users/utkuayten/.m2/repository/org/springframework/spring-orm/6.0.11/spring-orm-6.0.11.jar:/Users/utkuayten/.m2/repository/org/springframework/spring-context/6.0.11/spring-context-6.0.11.jar:/Users/utkuayten/.m2/repository/org/springframework/spring-tx/6.0.11/spring-tx-6.0.11.jar:/Users/utkuayten/.m2/repository/org/springframework/spring-beans/6.0.11/spring-beans-6.0.11.jar:/Users/utkuayten/.m2/repository/org/springframework/spring-aspects/6.0.11/spring-aspects-6.0.11.jar:/Users/utkuayten/.m2/repository/org/springframework/boot/spring-boot-starter-web/3.0.9/spring-boot-starter-web-3.0.9.jar:/Users/utkuayten/.m2/repository/org/springframework/boot/spring-boot-starter-json/3.0.9/spring-boot-starter-json-3.0.9.jar:/Users/utkuayten/.m2/repository/com/fasterxml/jackson/core/jackson-databind/2.14.3/jackson-databind-2.14.3.jar:/Users/utkuayten/.m2/repository/com/fasterxml/jackson/core/jackson-annotations/2.14.3/jackson-annotations-2.14.3.jar:/Users/utkuayten/.m2/repository/com/fasterxml/jackson/core/jackson-core/2.14.3/jackson-core-2.14.3.jar:/Users/utkuayten/.m2/repository/com/fasterxml/jackson/datatype/jackson-datatype-jdk8/2.14.3/jackson-datatype-jdk8-2.14.3.jar:/Users/utkuayten/.m2/repository/com/fasterxml/jackson/datatype/jackson-datatype-jsr310/2.14.3/jackson-datatype-jsr310-2.14.3.jar:/Users/utkuayten/.m2/repository/com/fasterxml/jackson/module/jackson-module-parameter-names/2.14.3/jackson-module-parameter-names-2.14.3.jar:/Users/utkuayten/.m2/repository/org/springframework/boot/spring-boot-starter-tomcat/3.0.9/spring-boot-starter-tomcat-3.0.9.jar:/Users/utkuayten/.m2/repository/org/apache/tomcat/embed/tomcat-embed-core/10.1.11/tomcat-embed-core-10.1.11.jar:/Users/utkuayten/.m2/repository/org/apache/tomcat/embed/tomcat-embed-el/10.1.11/tomcat-embed-el-10.1.11.jar:/Users/utkuayten/.m2/repository/org/apache/tomcat/embed/tomcat-embed-websocket/10.1.11/tomcat-embed-websocket-10.1.11.jar:/Users/utkuayten/.m2/repository/org/springframework/spring-web/6.0.11/spring-web-6.0.11.jar:/Users/utkuayten/.m2/repository/io/micrometer/micrometer-observation/1.10.9/micrometer-observation-1.10.9.jar:/Users/utkuayten/.m2/repository/io/micrometer/micrometer-commons/1.10.9/micrometer-commons-1.10.9.jar:/Users/utkuayten/.m2/repository/org/springframework/spring-webmvc/6.0.11/spring-webmvc-6.0.11.jar:/Users/utkuayten/.m2/repository/org/springframework/spring-expression/6.0.11/spring-expression-6.0.11.jar:/Users/utkuayten/.m2/repository/org/springframework/boot/spring-boot-starter-test/3.0.9/spring-boot-starter-test-3.0.9.jar:/Users/utkuayten/.m2/repository/org/springframework/boot/spring-boot-test/3.0.9/spring-boot-test-3.0.9.jar:/Users/utkuayten/.m2/repository/org/springframework/boot/spring-boot-test-autoconfigure/3.0.9/spring-boot-test-autoconfigure-3.0.9.jar:/Users/utkuayten/.m2/repository/com/jayway/jsonpath/json-path/2.7.0/json-path-2.7.0.jar:/Users/utkuayten/.m2/repository/net/minidev/json-smart/2.4.11/json-smart-2.4.11.jar:/Users/utkuayten/.m2/repository/net/minidev/accessors-smart/2.4.11/accessors-smart-2.4.11.jar:/Users/utkuayten/.m2/repository/org/ow2/asm/asm/9.3/asm-9.3.jar:/Users/utkuayten/.m2/repository/jakarta/xml/bind/jakarta.xml.bind-api/4.0.0/jakarta.xml.bind-api-4.0.0.jar:/Users/utkuayten/.m2/repository/jakarta/activation/jakarta.activation-api/2.1.2/jakarta.activation-api-2.1.2.jar:/Users/utkuayten/.m2/repository/org/assertj/assertj-core/3.23.1/assertj-core-3.23.1.jar:/Users/utkuayten/.m2/repository/org/hamcrest/hamcrest/2.2/hamcrest-2.2.jar:/Users/utkuayten/.m2/repository/org/junit/jupiter/junit-jupiter/5.9.3/junit-jupiter-5.9.3.jar:/Users/utkuayten/.m2/repository/org/junit/jupiter/junit-jupiter-api/5.9.3/junit-jupiter-api-5.9.3.jar:/Users/utkuayten/.m2/repository/org/opentest4j/opentest4j/1.2.0/opentest4j-1.2.0.jar:/Users/utkuayten/.m2/repository/org/junit/platform/junit-platform-commons/1.9.3/junit-platform-commons-1.9.3.jar:/Users/utkuayten/.m2/repository/org/apiguardian/apiguardian-api/1.1.2/apiguardian-api-1.1.2.jar:/Users/utkuayten/.m2/repository/org/junit/jupiter/junit-jupiter-params/5.9.3/junit-jupiter-params-5.9.3.jar:/Users/utkuayten/.m2/repository/org/junit/jupiter/junit-jupiter-engine/5.9.3/junit-jupiter-engine-5.9.3.jar:/Users/utkuayten/.m2/repository/org/junit/platform/junit-platform-engine/1.9.3/junit-platform-engine-1.9.3.jar:/Users/utkuayten/.m2/repository/org/mockito/mockito-core/4.8.1/mockito-core-4.8.1.jar:/Users/utkuayten/.m2/repository/net/bytebuddy/byte-buddy-agent/1.12.23/byte-buddy-agent-1.12.23.jar:/Users/utkuayten/.m2/repository/org/objenesis/objenesis/3.2/objenesis-3.2.jar:/Users/utkuayten/.m2/repository/org/mockito/mockito-junit-jupiter/4.8.1/mockito-junit-jupiter-4.8.1.jar:/Users/utkuayten/.m2/repository/org/skyscreamer/jsonassert/1.5.1/jsonassert-1.5.1.jar:/Users/utkuayten/.m2/repository/com/vaadin/external/google/android-json/0.0.20131108.vaadin1/android-json-0.0.20131108.vaadin1.jar:/Users/utkuayten/.m2/repository/org/springframework/spring-core/6.0.11/spring-core-6.0.11.jar:/Users/utkuayten/.m2/repository/org/springframework/spring-jcl/6.0.11/spring-jcl-6.0.11.jar:/Users/utkuayten/.m2/repository/org/springframework/spring-test/6.0.11/spring-test-6.0.11.jar:/Users/utkuayten/.m2/repository/org/xmlunit/xmlunit-core/2.9.1/xmlunit-core-2.9.1.jar:/Users/utkuayten/.m2/repository/org/thymeleaf/extras/thymeleaf-extras-springsecurity6/3.1.1.RELEASE/thymeleaf-extras-springsecurity6-3.1.1.RELEASE.jar:/Users/utkuayten/.m2/repository/org/slf4j/slf4j-api/2.0.7/slf4j-api-2.0.7.jar:/Users/utkuayten/.m2/repository/org/testcontainers/postgresql/1.15.1/postgresql-1.15.1.jar:/Users/utkuayten/.m2/repository/org/testcontainers/jdbc/1.15.1/jdbc-1.15.1.jar:/Users/utkuayten/.m2/repository/org/testcontainers/database-commons/1.15.1/database-commons-1.15.1.jar:/Users/utkuayten/.m2/repository/org/testcontainers/testcontainers/1.15.1/testcontainers-1.15.1.jar:/Users/utkuayten/.m2/repository/junit/junit/4.13.2/junit-4.13.2.jar:/Users/utkuayten/.m2/repository/org/hamcrest/hamcrest-core/2.2/hamcrest-core-2.2.jar:/Users/utkuayten/.m2/repository/org/apache/commons/commons-compress/1.20/commons-compress-1.20.jar:/Users/utkuayten/.m2/repository/org/rnorth/duct-tape/duct-tape/1.0.8/duct-tape-1.0.8.jar:/Users/utkuayten/.m2/repository/org/rnorth/visible-assertions/visible-assertions/2.1.2/visible-assertions-2.1.2.jar:/Users/utkuayten/.m2/repository/net/java/dev/jna/jna/5.2.0/jna-5.2.0.jar:/Users/utkuayten/.m2/repository/com/github/docker-java/docker-java-api/3.2.7/docker-java-api-3.2.7.jar:/Users/utkuayten/.m2/repository/com/github/docker-java/docker-java-transport-zerodep/3.2.7/docker-java-transport-zerodep-3.2.7.jar:/Users/utkuayten/.m2/repository/com/github/docker-java/docker-java-transport/3.2.7/docker-java-transport-3.2.7.jar:/Users/utkuayten/.m2/repository/org/springframework/boot/spring-boot-starter-security/3.0.9/spring-boot-starter-security-3.0.9.jar:/Users/utkuayten/.m2/repository/org/springframework/spring-aop/6.0.11/spring-aop-6.0.11.jar:/Users/utkuayten/.m2/repository/org/springframework/security/spring-security-config/6.0.5/spring-security-config-6.0.5.jar:/Users/utkuayten/.m2/repository/org/springframework/security/spring-security-core/6.0.5/spring-security-core-6.0.5.jar:/Users/utkuayten/.m2/repository/org/springframework/security/spring-security-crypto/6.0.5/spring-security-crypto-6.0.5.jar:/Users/utkuayten/.m2/repository/org/springframework/security/spring-security-web/6.0.5/spring-security-web-6.0.5.jar:/Users/utkuayten/.m2/repository/org/postgresql/postgresql/42.5.4/postgresql-42.5.4.jar:/Users/utkuayten/.m2/repository/org/checkerframework/checker-qual/3.5.0/checker-qual-3.5.0.jar:/Users/utkuayten/.m2/repository/org/apache/tomcat/tomcat-jdbc/10.1.11/tomcat-jdbc-10.1.11.jar:/Users/utkuayten/.m2/repository/org/apache/tomcat/tomcat-juli/10.1.11/tomcat-juli-10.1.11.jar:/Users/utkuayten/.m2/repository/org/springframework/boot/spring-boot-starter-data-jdbc/3.0.9/spring-boot-starter-data-jdbc-3.0.9.jar:/Users/utkuayten/.m2/repository/org/springframework/data/spring-data-jdbc/3.0.8/spring-data-jdbc-3.0.8.jar:/Users/utkuayten/.m2/repository/org/springframework/data/spring-data-relational/3.0.8/spring-data-relational-3.0.8.jar:/Users/utkuayten/.m2/repository/org/projectlombok/lombok/1.18.30/lombok-1.18.30.jar:"/>
    <property name="java.vm.vendor" value="Oracle Corporation"/>
    <property name="sun.arch.data.model" value="64"/>
    <property name="java.vendor.url" value="https://java.oracle.com/"/>
    <property name="os.name" value="Mac OS X"/>
    <property name="java.vm.specification.version" value="21"/>
    <property name="sun.java.launcher" value="SUN_STANDARD"/>
    <property name="user.country" value="TR"/>
    <property name="sun.boot.library.path" value="/Users/utkuayten/Library/Java/JavaVirtualMachines/openjdk-21.0.1/Contents/Home/lib"/>
    <property name="sun.java.command" value="/Users/utkuayten/Desktop/ShareAndSell/ShareAndSell/target/surefire/surefirebooter5883633352444063796.jar /Users/utkuayten/Desktop/ShareAndSell/ShareAndSell/target/surefire 2024-01-02T23-56-30_307-jvmRun1 surefire7108218770143648888tmp surefire_015297687372756457877tmp"/>
    <property name="http.nonProxyHosts" value="local|*.local|169.254/16|*.169.254/16"/>
    <property name="jdk.debug" value="release"/>
    <property name="surefire.test.class.path" value="/Users/utkuayten/Desktop/ShareAndSell/ShareAndSell/target/test-classes:/Users/utkuayten/Desktop/ShareAndSell/ShareAndSell/target/classes:/Users/utkuayten/.m2/repository/org/springframework/boot/spring-boot-starter-thymeleaf/3.0.9/spring-boot-starter-thymeleaf-3.0.9.jar:/Users/utkuayten/.m2/repository/org/springframework/boot/spring-boot-starter/3.0.9/spring-boot-starter-3.0.9.jar:/Users/utkuayten/.m2/repository/org/springframework/boot/spring-boot/3.0.9/spring-boot-3.0.9.jar:/Users/utkuayten/.m2/repository/org/springframework/boot/spring-boot-autoconfigure/3.0.9/spring-boot-autoconfigure-3.0.9.jar:/Users/utkuayten/.m2/repository/org/springframework/boot/spring-boot-starter-logging/3.0.9/spring-boot-starter-logging-3.0.9.jar:/Users/utkuayten/.m2/repository/ch/qos/logback/logback-classic/1.4.8/logback-classic-1.4.8.jar:/Users/utkuayten/.m2/repository/ch/qos/logback/logback-core/1.4.8/logback-core-1.4.8.jar:/Users/utkuayten/.m2/repository/org/apache/logging/log4j/log4j-to-slf4j/2.19.0/log4j-to-slf4j-2.19.0.jar:/Users/utkuayten/.m2/repository/org/apache/logging/log4j/log4j-api/2.19.0/log4j-api-2.19.0.jar:/Users/utkuayten/.m2/repository/org/slf4j/jul-to-slf4j/2.0.7/jul-to-slf4j-2.0.7.jar:/Users/utkuayten/.m2/repository/jakarta/annotation/jakarta.annotation-api/2.1.1/jakarta.annotation-api-2.1.1.jar:/Users/utkuayten/.m2/repository/org/yaml/snakeyaml/1.33/snakeyaml-1.33.jar:/Users/utkuayten/.m2/repository/org/thymeleaf/thymeleaf-spring6/3.1.1.RELEASE/thymeleaf-spring6-3.1.1.RELEASE.jar:/Users/utkuayten/.m2/repository/org/thymeleaf/thymeleaf/3.1.1.RELEASE/thymeleaf-3.1.1.RELEASE.jar:/Users/utkuayten/.m2/repository/org/attoparser/attoparser/2.0.6.RELEASE/attoparser-2.0.6.RELEASE.jar:/Users/utkuayten/.m2/repository/org/unbescape/unbescape/1.1.6.RELEASE/unbescape-1.1.6.RELEASE.jar:/Users/utkuayten/.m2/repository/org/springframework/boot/spring-boot-starter-data-jpa/3.0.9/spring-boot-starter-data-jpa-3.0.9.jar:/Users/utkuayten/.m2/repository/org/springframework/boot/spring-boot-starter-aop/3.0.9/spring-boot-starter-aop-3.0.9.jar:/Users/utkuayten/.m2/repository/org/aspectj/aspectjweaver/1.9.19/aspectjweaver-1.9.19.jar:/Users/utkuayten/.m2/repository/org/springframework/boot/spring-boot-starter-jdbc/3.0.9/spring-boot-starter-jdbc-3.0.9.jar:/Users/utkuayten/.m2/repository/com/zaxxer/HikariCP/5.0.1/HikariCP-5.0.1.jar:/Users/utkuayten/.m2/repository/org/springframework/spring-jdbc/6.0.11/spring-jdbc-6.0.11.jar:/Users/utkuayten/.m2/repository/org/hibernate/orm/hibernate-core/6.1.7.Final/hibernate-core-6.1.7.Final.jar:/Users/utkuayten/.m2/repository/jakarta/persistence/jakarta.persistence-api/3.1.0/jakarta.persistence-api-3.1.0.jar:/Users/utkuayten/.m2/repository/jakarta/transaction/jakarta.transaction-api/2.0.1/jakarta.transaction-api-2.0.1.jar:/Users/utkuayten/.m2/repository/org/jboss/logging/jboss-logging/3.5.3.Final/jboss-logging-3.5.3.Final.jar:/Users/utkuayten/.m2/repository/org/hibernate/common/hibernate-commons-annotations/6.0.6.Final/hibernate-commons-annotations-6.0.6.Final.jar:/Users/utkuayten/.m2/repository/org/jboss/jandex/2.4.2.Final/jandex-2.4.2.Final.jar:/Users/utkuayten/.m2/repository/com/fasterxml/classmate/1.5.1/classmate-1.5.1.jar:/Users/utkuayten/.m2/repository/net/bytebuddy/byte-buddy/1.12.23/byte-buddy-1.12.23.jar:/Users/utkuayten/.m2/repository/org/glassfish/jaxb/jaxb-runtime/4.0.3/jaxb-runtime-4.0.3.jar:/Users/utkuayten/.m2/repository/org/glassfish/jaxb/jaxb-core/4.0.3/jaxb-core-4.0.3.jar:/Users/utkuayten/.m2/repository/org/eclipse/angus/angus-activation/2.0.1/angus-activation-2.0.1.jar:/Users/utkuayten/.m2/repository/org/glassfish/jaxb/txw2/4.0.3/txw2-4.0.3.jar:/Users/utkuayten/.m2/repository/com/sun/istack/istack-commons-runtime/4.1.2/istack-commons-runtime-4.1.2.jar:/Users/utkuayten/.m2/repository/jakarta/inject/jakarta.inject-api/2.0.0/jakarta.inject-api-2.0.0.jar:/Users/utkuayten/.m2/repository/org/antlr/antlr4-runtime/4.10.1/antlr4-runtime-4.10.1.jar:/Users/utkuayten/.m2/repository/org/springframework/data/spring-data-jpa/3.0.8/spring-data-jpa-3.0.8.jar:/Users/utkuayten/.m2/repository/org/springframework/data/spring-data-commons/3.0.8/spring-data-commons-3.0.8.jar:/Users/utkuayten/.m2/repository/org/springframework/spring-orm/6.0.11/spring-orm-6.0.11.jar:/Users/utkuayten/.m2/repository/org/springframework/spring-context/6.0.11/spring-context-6.0.11.jar:/Users/utkuayten/.m2/repository/org/springframework/spring-tx/6.0.11/spring-tx-6.0.11.jar:/Users/utkuayten/.m2/repository/org/springframework/spring-beans/6.0.11/spring-beans-6.0.11.jar:/Users/utkuayten/.m2/repository/org/springframework/spring-aspects/6.0.11/spring-aspects-6.0.11.jar:/Users/utkuayten/.m2/repository/org/springframework/boot/spring-boot-starter-web/3.0.9/spring-boot-starter-web-3.0.9.jar:/Users/utkuayten/.m2/repository/org/springframework/boot/spring-boot-starter-json/3.0.9/spring-boot-starter-json-3.0.9.jar:/Users/utkuayten/.m2/repository/com/fasterxml/jackson/core/jackson-databind/2.14.3/jackson-databind-2.14.3.jar:/Users/utkuayten/.m2/repository/com/fasterxml/jackson/core/jackson-annotations/2.14.3/jackson-annotations-2.14.3.jar:/Users/utkuayten/.m2/repository/com/fasterxml/jackson/core/jackson-core/2.14.3/jackson-core-2.14.3.jar:/Users/utkuayten/.m2/repository/com/fasterxml/jackson/datatype/jackson-datatype-jdk8/2.14.3/jackson-datatype-jdk8-2.14.3.jar:/Users/utkuayten/.m2/repository/com/fasterxml/jackson/datatype/jackson-datatype-jsr310/2.14.3/jackson-datatype-jsr310-2.14.3.jar:/Users/utkuayten/.m2/repository/com/fasterxml/jackson/module/jackson-module-parameter-names/2.14.3/jackson-module-parameter-names-2.14.3.jar:/Users/utkuayten/.m2/repository/org/springframework/boot/spring-boot-starter-tomcat/3.0.9/spring-boot-starter-tomcat-3.0.9.jar:/Users/utkuayten/.m2/repository/org/apache/tomcat/embed/tomcat-embed-core/10.1.11/tomcat-embed-core-10.1.11.jar:/Users/utkuayten/.m2/repository/org/apache/tomcat/embed/tomcat-embed-el/10.1.11/tomcat-embed-el-10.1.11.jar:/Users/utkuayten/.m2/repository/org/apache/tomcat/embed/tomcat-embed-websocket/10.1.11/tomcat-embed-websocket-10.1.11.jar:/Users/utkuayten/.m2/repository/org/springframework/spring-web/6.0.11/spring-web-6.0.11.jar:/Users/utkuayten/.m2/repository/io/micrometer/micrometer-observation/1.10.9/micrometer-observation-1.10.9.jar:/Users/utkuayten/.m2/repository/io/micrometer/micrometer-commons/1.10.9/micrometer-commons-1.10.9.jar:/Users/utkuayten/.m2/repository/org/springframework/spring-webmvc/6.0.11/spring-webmvc-6.0.11.jar:/Users/utkuayten/.m2/repository/org/springframework/spring-expression/6.0.11/spring-expression-6.0.11.jar:/Users/utkuayten/.m2/repository/org/springframework/boot/spring-boot-starter-test/3.0.9/spring-boot-starter-test-3.0.9.jar:/Users/utkuayten/.m2/repository/org/springframework/boot/spring-boot-test/3.0.9/spring-boot-test-3.0.9.jar:/Users/utkuayten/.m2/repository/org/springframework/boot/spring-boot-test-autoconfigure/3.0.9/spring-boot-test-autoconfigure-3.0.9.jar:/Users/utkuayten/.m2/repository/com/jayway/jsonpath/json-path/2.7.0/json-path-2.7.0.jar:/Users/utkuayten/.m2/repository/net/minidev/json-smart/2.4.11/json-smart-2.4.11.jar:/Users/utkuayten/.m2/repository/net/minidev/accessors-smart/2.4.11/accessors-smart-2.4.11.jar:/Users/utkuayten/.m2/repository/org/ow2/asm/asm/9.3/asm-9.3.jar:/Users/utkuayten/.m2/repository/jakarta/xml/bind/jakarta.xml.bind-api/4.0.0/jakarta.xml.bind-api-4.0.0.jar:/Users/utkuayten/.m2/repository/jakarta/activation/jakarta.activation-api/2.1.2/jakarta.activation-api-2.1.2.jar:/Users/utkuayten/.m2/repository/org/assertj/assertj-core/3.23.1/assertj-core-3.23.1.jar:/Users/utkuayten/.m2/repository/org/hamcrest/hamcrest/2.2/hamcrest-2.2.jar:/Users/utkuayten/.m2/repository/org/junit/jupiter/junit-jupiter/5.9.3/junit-jupiter-5.9.3.jar:/Users/utkuayten/.m2/repository/org/junit/jupiter/junit-jupiter-api/5.9.3/junit-jupiter-api-5.9.3.jar:/Users/utkuayten/.m2/repository/org/opentest4j/opentest4j/1.2.0/opentest4j-1.2.0.jar:/Users/utkuayten/.m2/repository/org/junit/platform/junit-platform-commons/1.9.3/junit-platform-commons-1.9.3.jar:/Users/utkuayten/.m2/repository/org/apiguardian/apiguardian-api/1.1.2/apiguardian-api-1.1.2.jar:/Users/utkuayten/.m2/repository/org/junit/jupiter/junit-jupiter-params/5.9.3/junit-jupiter-params-5.9.3.jar:/Users/utkuayten/.m2/repository/org/junit/jupiter/junit-jupiter-engine/5.9.3/junit-jupiter-engine-5.9.3.jar:/Users/utkuayten/.m2/repository/org/junit/platform/junit-platform-engine/1.9.3/junit-platform-engine-1.9.3.jar:/Users/utkuayten/.m2/repository/org/mockito/mockito-core/4.8.1/mockito-core-4.8.1.jar:/Users/utkuayten/.m2/repository/net/bytebuddy/byte-buddy-agent/1.12.23/byte-buddy-agent-1.12.23.jar:/Users/utkuayten/.m2/repository/org/objenesis/objenesis/3.2/objenesis-3.2.jar:/Users/utkuayten/.m2/repository/org/mockito/mockito-junit-jupiter/4.8.1/mockito-junit-jupiter-4.8.1.jar:/Users/utkuayten/.m2/repository/org/skyscreamer/jsonassert/1.5.1/jsonassert-1.5.1.jar:/Users/utkuayten/.m2/repository/com/vaadin/external/google/android-json/0.0.20131108.vaadin1/android-json-0.0.20131108.vaadin1.jar:/Users/utkuayten/.m2/repository/org/springframework/spring-core/6.0.11/spring-core-6.0.11.jar:/Users/utkuayten/.m2/repository/org/springframework/spring-jcl/6.0.11/spring-jcl-6.0.11.jar:/Users/utkuayten/.m2/repository/org/springframework/spring-test/6.0.11/spring-test-6.0.11.jar:/Users/utkuayten/.m2/repository/org/xmlunit/xmlunit-core/2.9.1/xmlunit-core-2.9.1.jar:/Users/utkuayten/.m2/repository/org/thymeleaf/extras/thymeleaf-extras-springsecurity6/3.1.1.RELEASE/thymeleaf-extras-springsecurity6-3.1.1.RELEASE.jar:/Users/utkuayten/.m2/repository/org/slf4j/slf4j-api/2.0.7/slf4j-api-2.0.7.jar:/Users/utkuayten/.m2/repository/org/testcontainers/postgresql/1.15.1/postgresql-1.15.1.jar:/Users/utkuayten/.m2/repository/org/testcontainers/jdbc/1.15.1/jdbc-1.15.1.jar:/Users/utkuayten/.m2/repository/org/testcontainers/database-commons/1.15.1/database-commons-1.15.1.jar:/Users/utkuayten/.m2/repository/org/testcontainers/testcontainers/1.15.1/testcontainers-1.15.1.jar:/Users/utkuayten/.m2/repository/junit/junit/4.13.2/junit-4.13.2.jar:/Users/utkuayten/.m2/repository/org/hamcrest/hamcrest-core/2.2/hamcrest-core-2.2.jar:/Users/utkuayten/.m2/repository/org/apache/commons/commons-compress/1.20/commons-compress-1.20.jar:/Users/utkuayten/.m2/repository/org/rnorth/duct-tape/duct-tape/1.0.8/duct-tape-1.0.8.jar:/Users/utkuayten/.m2/repository/org/rnorth/visible-assertions/visible-assertions/2.1.2/visible-assertions-2.1.2.jar:/Users/utkuayten/.m2/repository/net/java/dev/jna/jna/5.2.0/jna-5.2.0.jar:/Users/utkuayten/.m2/repository/com/github/docker-java/docker-java-api/3.2.7/docker-java-api-3.2.7.jar:/Users/utkuayten/.m2/repository/com/github/docker-java/docker-java-transport-zerodep/3.2.7/docker-java-transport-zerodep-3.2.7.jar:/Users/utkuayten/.m2/repository/com/github/docker-java/docker-java-transport/3.2.7/docker-java-transport-3.2.7.jar:/Users/utkuayten/.m2/repository/org/springframework/boot/spring-boot-starter-security/3.0.9/spring-boot-starter-security-3.0.9.jar:/Users/utkuayten/.m2/repository/org/springframework/spring-aop/6.0.11/spring-aop-6.0.11.jar:/Users/utkuayten/.m2/repository/org/springframework/security/spring-security-config/6.0.5/spring-security-config-6.0.5.jar:/Users/utkuayten/.m2/repository/org/springframework/security/spring-security-core/6.0.5/spring-security-core-6.0.5.jar:/Users/utkuayten/.m2/repository/org/springframework/security/spring-security-crypto/6.0.5/spring-security-crypto-6.0.5.jar:/Users/utkuayten/.m2/repository/org/springframework/security/spring-security-web/6.0.5/spring-security-web-6.0.5.jar:/Users/utkuayten/.m2/repository/org/postgresql/postgresql/42.5.4/postgresql-42.5.4.jar:/Users/utkuayten/.m2/repository/org/checkerframework/checker-qual/3.5.0/checker-qual-3.5.0.jar:/Users/utkuayten/.m2/repository/org/apache/tomcat/tomcat-jdbc/10.1.11/tomcat-jdbc-10.1.11.jar:/Users/utkuayten/.m2/repository/org/apache/tomcat/tomcat-juli/10.1.11/tomcat-juli-10.1.11.jar:/Users/utkuayten/.m2/repository/org/springframework/boot/spring-boot-starter-data-jdbc/3.0.9/spring-boot-starter-data-jdbc-3.0.9.jar:/Users/utkuayten/.m2/repository/org/springframework/data/spring-data-jdbc/3.0.8/spring-data-jdbc-3.0.8.jar:/Users/utkuayten/.m2/repository/org/springframework/data/spring-data-relational/3.0.8/spring-data-relational-3.0.8.jar:/Users/utkuayten/.m2/repository/org/projectlombok/lombok/1.18.30/lombok-1.18.30.jar:"/>
    <property name="sun.cpu.endian" value="little"/>
    <property name="user.home" value="/Users/utkuayten"/>
    <property name="user.language" value="en"/>
    <property name="java.specification.vendor" value="Oracle Corporation"/>
    <property name="java.version.date" value="2023-10-17"/>
    <property name="java.home" value="/Users/utkuayten/Library/Java/JavaVirtualMachines/openjdk-21.0.1/Contents/Home"/>
    <property name="file.separator" value="/"/>
    <property name="basedir" value="/Users/utkuayten/Desktop/ShareAndSell/ShareAndSell"/>
    <property name="java.vm.compressedOopsMode" value="Zero based"/>
    <property name="line.separator" value="&#10;"/>
    <property name="java.vm.specification.vendor" value="Oracle Corporation"/>
    <property name="java.specification.name" value="Java Platform API Specification"/>
    <property name="apple.awt.application.name" value="ForkedBooter"/>
    <property name="surefire.real.class.path" value="/Users/utkuayten/Desktop/ShareAndSell/ShareAndSell/target/surefire/surefirebooter5883633352444063796.jar"/>
    <property name="sun.management.compiler" value="HotSpot 64-Bit Tiered Compilers"/>
    <property name="ftp.nonProxyHosts" value="local|*.local|169.254/16|*.169.254/16"/>
    <property name="java.runtime.version" value="21.0.1+12-29"/>
    <property name="user.name" value="utkuayten"/>
    <property name="stdout.encoding" value="UTF-8"/>
    <property name="path.separator" value=":"/>
    <property name="os.version" value="14.2"/>
    <property name="java.runtime.name" value="OpenJDK Runtime Environment"/>
    <property name="file.encoding" value="UTF-8"/>
    <property name="java.vm.name" value="OpenJDK 64-Bit Server VM"/>
    <property name="localRepository" value="/Users/utkuayten/.m2/repository"/>
    <property name="java.vendor.url.bug" value="https://bugreport.java.com/bugreport/"/>
    <property name="java.io.tmpdir" value="/var/folders/0p/n71jz5_54ns2wr18_8vqx9040000gn/T/"/>
    <property name="idea.version" value="2023.3.1"/>
    <property name="java.version" value="21.0.1"/>
    <property name="user.dir" value="/Users/utkuayten/Desktop/ShareAndSell/ShareAndSell"/>
    <property name="os.arch" value="aarch64"/>
    <property name="java.vm.specification.name" value="Java Virtual Machine Specification"/>
    <property name="native.encoding" value="UTF-8"/>
    <property name="java.library.path" value="/Users/utkuayten/Library/Java/Extensions:/Library/Java/Extensions:/Network/Library/Java/Extensions:/System/Library/Java/Extensions:/usr/lib/java:."/>
    <property name="java.vm.info" value="mixed mode, sharing"/>
    <property name="stderr.encoding" value="UTF-8"/>
    <property name="java.vendor" value="Oracle Corporation"/>
    <property name="java.vm.version" value="21.0.1+12-29"/>
    <property name="sun.io.unicode.encoding" value="UnicodeBig"/>
    <property name="socksNonProxyHosts" value="local|*.local|169.254/16|*.169.254/16"/>
    <property name="java.class.version" value="65.0"/>
  </properties>
  <testcase name="findAllAdvertisements" classname="org.cs320.ozyegin.service.AdvertServiceTest" time="0.129"/>
  <testcase name="findAdvertByID" classname="org.cs320.ozyegin.service.AdvertServiceTest" time="0.043"/>
  <testcase name="createAdvertisement" classname="org.cs320.ozyegin.service.AdvertServiceTest" time="0.014"/>
</testsuite>